{"/Users/omariftikhar/Desktop/Zoo-Database/Zoo-Database/A3BACKEND/server.js": {"path":"/Users/omariftikhar/Desktop/Zoo-Database/Zoo-Database/A3BACKEND/server.js","statementMap":{"0":{"start":{"line":1,"column":16},"end":{"line":1,"column":34}},"1":{"start":{"line":2,"column":12},"end":{"line":2,"column":21}},"2":{"start":{"line":3,"column":12},"end":{"line":3,"column":27}},"3":{"start":{"line":4,"column":13},"end":{"line":4,"column":28}},"4":{"start":{"line":5,"column":15},"end":{"line":5,"column":40}},"5":{"start":{"line":7,"column":22},"end":{"line":7,"column":50}},"6":{"start":{"line":8,"column":25},"end":{"line":8,"column":74}},"7":{"start":{"line":11,"column":12},"end":{"line":20,"column":2}},"8":{"start":{"line":66,"column":0},"end":{"line":66,"column":24}},"9":{"start":{"line":67,"column":0},"end":{"line":67,"column":15}},"10":{"start":{"line":92,"column":0},"end":{"line":110,"column":60}},"11":{"start":{"line":93,"column":74},"end":{"line":93,"column":82}},"12":{"start":{"line":94,"column":4},"end":{"line":96,"column":5}},"13":{"start":{"line":95,"column":8},"end":{"line":95,"column":24}},"14":{"start":{"line":97,"column":4},"end":{"line":110,"column":57}},"15":{"start":{"line":102,"column":8},"end":{"line":102,"column":30}},"16":{"start":{"line":103,"column":8},"end":{"line":108,"column":9}},"17":{"start":{"line":104,"column":12},"end":{"line":104,"column":29}},"18":{"start":{"line":107,"column":12},"end":{"line":107,"column":62}},"19":{"start":{"line":110,"column":14},"end":{"line":110,"column":56}},"20":{"start":{"line":113,"column":0},"end":{"line":136,"column":3}},"21":{"start":{"line":115,"column":4},"end":{"line":117,"column":5}},"22":{"start":{"line":116,"column":8},"end":{"line":116,"column":63}},"23":{"start":{"line":118,"column":4},"end":{"line":135,"column":59}},"24":{"start":{"line":121,"column":24},"end":{"line":121,"column":75}},"25":{"start":{"line":122,"column":8},"end":{"line":133,"column":9}},"26":{"start":{"line":123,"column":10},"end":{"line":129,"column":68}},"27":{"start":{"line":126,"column":16},"end":{"line":126,"column":34}},"28":{"start":{"line":127,"column":16},"end":{"line":127,"column":33}},"29":{"start":{"line":129,"column":25},"end":{"line":129,"column":67}},"30":{"start":{"line":132,"column":12},"end":{"line":132,"column":53}},"31":{"start":{"line":135,"column":17},"end":{"line":135,"column":58}},"32":{"start":{"line":144,"column":0},"end":{"line":186,"column":2}},"33":{"start":{"line":145,"column":35},"end":{"line":145,"column":43}},"34":{"start":{"line":147,"column":4},"end":{"line":149,"column":5}},"35":{"start":{"line":148,"column":8},"end":{"line":148,"column":63}},"36":{"start":{"line":152,"column":32},"end":{"line":152,"column":33}},"37":{"start":{"line":153,"column":4},"end":{"line":155,"column":5}},"38":{"start":{"line":154,"column":8},"end":{"line":154,"column":83}},"39":{"start":{"line":158,"column":17},"end":{"line":158,"column":42}},"40":{"start":{"line":159,"column":4},"end":{"line":185,"column":55}},"41":{"start":{"line":160,"column":8},"end":{"line":184,"column":113}},"42":{"start":{"line":167,"column":12},"end":{"line":184,"column":74}},"43":{"start":{"line":181,"column":16},"end":{"line":184,"column":72}},"44":{"start":{"line":182,"column":20},"end":{"line":182,"column":37}},"45":{"start":{"line":184,"column":21},"end":{"line":184,"column":71}},"46":{"start":{"line":185,"column":14},"end":{"line":185,"column":54}},"47":{"start":{"line":208,"column":0},"end":{"line":228,"column":3}},"48":{"start":{"line":209,"column":80},"end":{"line":209,"column":88}},"49":{"start":{"line":210,"column":4},"end":{"line":212,"column":5}},"50":{"start":{"line":211,"column":8},"end":{"line":211,"column":24}},"51":{"start":{"line":213,"column":4},"end":{"line":227,"column":57}},"52":{"start":{"line":218,"column":8},"end":{"line":218,"column":30}},"53":{"start":{"line":219,"column":8},"end":{"line":225,"column":9}},"54":{"start":{"line":220,"column":12},"end":{"line":220,"column":29}},"55":{"start":{"line":221,"column":12},"end":{"line":221,"column":29}},"56":{"start":{"line":224,"column":12},"end":{"line":224,"column":62}},"57":{"start":{"line":227,"column":14},"end":{"line":227,"column":56}},"58":{"start":{"line":248,"column":0},"end":{"line":276,"column":3}},"59":{"start":{"line":249,"column":80},"end":{"line":249,"column":88}},"60":{"start":{"line":251,"column":4},"end":{"line":253,"column":5}},"61":{"start":{"line":252,"column":8},"end":{"line":252,"column":106}},"62":{"start":{"line":254,"column":4},"end":{"line":274,"column":5}},"63":{"start":{"line":256,"column":31},"end":{"line":256,"column":86}},"64":{"start":{"line":257,"column":31},"end":{"line":257,"column":88}},"65":{"start":{"line":259,"column":8},"end":{"line":267,"column":11}},"66":{"start":{"line":269,"column":8},"end":{"line":269,"column":36}},"67":{"start":{"line":271,"column":8},"end":{"line":271,"column":52}},"68":{"start":{"line":272,"column":8},"end":{"line":272,"column":56}},"69":{"start":{"line":275,"column":4},"end":{"line":275,"column":21}},"70":{"start":{"line":312,"column":4},"end":{"line":312,"column":15}},"71":{"start":{"line":317,"column":4},"end":{"line":317,"column":45}},"72":{"start":{"line":322,"column":0},"end":{"line":333,"column":3}},"73":{"start":{"line":323,"column":19},"end":{"line":323,"column":27}},"74":{"start":{"line":324,"column":4},"end":{"line":331,"column":5}},"75":{"start":{"line":325,"column":23},"end":{"line":325,"column":55}},"76":{"start":{"line":326,"column":8},"end":{"line":326,"column":25}},"77":{"start":{"line":327,"column":8},"end":{"line":327,"column":25}},"78":{"start":{"line":329,"column":8},"end":{"line":329,"column":64}},"79":{"start":{"line":330,"column":8},"end":{"line":330,"column":76}},"80":{"start":{"line":332,"column":4},"end":{"line":332,"column":21}},"81":{"start":{"line":350,"column":13},"end":{"line":350,"column":17}},"82":{"start":{"line":351,"column":1},"end":{"line":354,"column":4}},"83":{"start":{"line":353,"column":3},"end":{"line":353,"column":58}},"84":{"start":{"line":356,"column":0},"end":{"line":356,"column":21}}},"fnMap":{"0":{"name":"(anonymous_0)","decl":{"start":{"line":92,"column":26},"end":{"line":92,"column":27}},"loc":{"start":{"line":92,"column":37},"end":{"line":110,"column":58}},"line":92},"1":{"name":"(anonymous_1)","decl":{"start":{"line":101,"column":10},"end":{"line":101,"column":11}},"loc":{"start":{"line":101,"column":20},"end":{"line":109,"column":5}},"line":101},"2":{"name":"(anonymous_2)","decl":{"start":{"line":110,"column":7},"end":{"line":110,"column":8}},"loc":{"start":{"line":110,"column":14},"end":{"line":110,"column":56}},"line":110},"3":{"name":"(anonymous_3)","decl":{"start":{"line":113,"column":19},"end":{"line":113,"column":20}},"loc":{"start":{"line":113,"column":30},"end":{"line":136,"column":1}},"line":113},"4":{"name":"(anonymous_4)","decl":{"start":{"line":120,"column":10},"end":{"line":120,"column":11}},"loc":{"start":{"line":120,"column":17},"end":{"line":134,"column":5}},"line":120},"5":{"name":"(anonymous_5)","decl":{"start":{"line":125,"column":18},"end":{"line":125,"column":19}},"loc":{"start":{"line":125,"column":24},"end":{"line":128,"column":13}},"line":125},"6":{"name":"(anonymous_6)","decl":{"start":{"line":129,"column":19},"end":{"line":129,"column":20}},"loc":{"start":{"line":129,"column":25},"end":{"line":129,"column":67}},"line":129},"7":{"name":"(anonymous_7)","decl":{"start":{"line":135,"column":11},"end":{"line":135,"column":12}},"loc":{"start":{"line":135,"column":17},"end":{"line":135,"column":58}},"line":135},"8":{"name":"(anonymous_8)","decl":{"start":{"line":144,"column":21},"end":{"line":144,"column":22}},"loc":{"start":{"line":144,"column":32},"end":{"line":186,"column":1}},"line":144},"9":{"name":"(anonymous_9)","decl":{"start":{"line":159,"column":19},"end":{"line":159,"column":20}},"loc":{"start":{"line":159,"column":24},"end":{"line":184,"column":114}},"line":159},"10":{"name":"(anonymous_10)","decl":{"start":{"line":166,"column":14},"end":{"line":166,"column":15}},"loc":{"start":{"line":166,"column":27},"end":{"line":184,"column":75}},"line":166},"11":{"name":"(anonymous_11)","decl":{"start":{"line":180,"column":19},"end":{"line":180,"column":20}},"loc":{"start":{"line":180,"column":25},"end":{"line":184,"column":73}},"line":180},"12":{"name":"(anonymous_12)","decl":{"start":{"line":185,"column":7},"end":{"line":185,"column":8}},"loc":{"start":{"line":185,"column":14},"end":{"line":185,"column":54}},"line":185},"13":{"name":"(anonymous_13)","decl":{"start":{"line":208,"column":26},"end":{"line":208,"column":27}},"loc":{"start":{"line":208,"column":37},"end":{"line":228,"column":1}},"line":208},"14":{"name":"(anonymous_14)","decl":{"start":{"line":217,"column":10},"end":{"line":217,"column":11}},"loc":{"start":{"line":217,"column":20},"end":{"line":226,"column":5}},"line":217},"15":{"name":"(anonymous_15)","decl":{"start":{"line":227,"column":7},"end":{"line":227,"column":8}},"loc":{"start":{"line":227,"column":14},"end":{"line":227,"column":56}},"line":227},"16":{"name":"(anonymous_16)","decl":{"start":{"line":248,"column":22},"end":{"line":248,"column":23}},"loc":{"start":{"line":248,"column":42},"end":{"line":276,"column":1}},"line":248},"17":{"name":"calculateSuggestedPrice","decl":{"start":{"line":310,"column":9},"end":{"line":310,"column":32}},"loc":{"start":{"line":310,"column":65},"end":{"line":313,"column":1}},"line":310},"18":{"name":"calculateTotalAmountDue","decl":{"start":{"line":315,"column":9},"end":{"line":315,"column":32}},"loc":{"start":{"line":315,"column":67},"end":{"line":318,"column":1}},"line":315},"19":{"name":"(anonymous_19)","decl":{"start":{"line":322,"column":26},"end":{"line":322,"column":27}},"loc":{"start":{"line":322,"column":46},"end":{"line":333,"column":1}},"line":322},"20":{"name":"(anonymous_20)","decl":{"start":{"line":351,"column":18},"end":{"line":351,"column":19}},"loc":{"start":{"line":351,"column":24},"end":{"line":354,"column":2}},"line":351}},"branchMap":{"0":{"loc":{"start":{"line":94,"column":4},"end":{"line":96,"column":5}},"type":"if","locations":[{"start":{"line":94,"column":4},"end":{"line":96,"column":5}},{"start":{},"end":{}}],"line":94},"1":{"loc":{"start":{"line":94,"column":7},"end":{"line":94,"column":168}},"type":"binary-expr","locations":[{"start":{"line":94,"column":7},"end":{"line":94,"column":16}},{"start":{"line":94,"column":20},"end":{"line":94,"column":41}},{"start":{"line":94,"column":45},"end":{"line":94,"column":54}},{"start":{"line":94,"column":57},"end":{"line":94,"column":62}},{"start":{"line":94,"column":66},"end":{"line":94,"column":80}},{"start":{"line":94,"column":83},"end":{"line":94,"column":106}},{"start":{"line":94,"column":110},"end":{"line":94,"column":118}},{"start":{"line":94,"column":122},"end":{"line":94,"column":140}},{"start":{"line":94,"column":144},"end":{"line":94,"column":162}},{"start":{"line":94,"column":165},"end":{"line":94,"column":168}}],"line":94},"2":{"loc":{"start":{"line":103,"column":8},"end":{"line":108,"column":9}},"type":"if","locations":[{"start":{"line":103,"column":8},"end":{"line":108,"column":9}},{"start":{"line":106,"column":12},"end":{"line":108,"column":9}}],"line":103},"3":{"loc":{"start":{"line":115,"column":4},"end":{"line":117,"column":5}},"type":"if","locations":[{"start":{"line":115,"column":4},"end":{"line":117,"column":5}},{"start":{},"end":{}}],"line":115},"4":{"loc":{"start":{"line":115,"column":8},"end":{"line":115,"column":88}},"type":"binary-expr","locations":[{"start":{"line":115,"column":8},"end":{"line":115,"column":43}},{"start":{"line":115,"column":47},"end":{"line":115,"column":88}}],"line":115},"5":{"loc":{"start":{"line":122,"column":8},"end":{"line":133,"column":9}},"type":"if","locations":[{"start":{"line":122,"column":8},"end":{"line":133,"column":9}},{"start":{"line":131,"column":12},"end":{"line":133,"column":9}}],"line":122},"6":{"loc":{"start":{"line":147,"column":4},"end":{"line":149,"column":5}},"type":"if","locations":[{"start":{"line":147,"column":4},"end":{"line":149,"column":5}},{"start":{},"end":{}}],"line":147},"7":{"loc":{"start":{"line":147,"column":8},"end":{"line":147,"column":79}},"type":"binary-expr","locations":[{"start":{"line":147,"column":8},"end":{"line":147,"column":34}},{"start":{"line":147,"column":38},"end":{"line":147,"column":43}},{"start":{"line":147,"column":47},"end":{"line":147,"column":79}}],"line":147},"8":{"loc":{"start":{"line":153,"column":4},"end":{"line":155,"column":5}},"type":"if","locations":[{"start":{"line":153,"column":4},"end":{"line":155,"column":5}},{"start":{},"end":{}}],"line":153},"9":{"loc":{"start":{"line":181,"column":16},"end":{"line":184,"column":72}},"type":"if","locations":[{"start":{"line":181,"column":16},"end":{"line":184,"column":72}},{"start":{"line":184,"column":20},"end":{"line":184,"column":72}}],"line":181},"10":{"loc":{"start":{"line":210,"column":4},"end":{"line":212,"column":5}},"type":"if","locations":[{"start":{"line":210,"column":4},"end":{"line":212,"column":5}},{"start":{},"end":{}}],"line":210},"11":{"loc":{"start":{"line":210,"column":7},"end":{"line":210,"column":200}},"type":"binary-expr","locations":[{"start":{"line":210,"column":7},"end":{"line":210,"column":16}},{"start":{"line":210,"column":20},"end":{"line":210,"column":41}},{"start":{"line":210,"column":46},"end":{"line":210,"column":51}},{"start":{"line":210,"column":55},"end":{"line":210,"column":72}},{"start":{"line":210,"column":77},"end":{"line":210,"column":86}},{"start":{"line":210,"column":89},"end":{"line":210,"column":94}},{"start":{"line":210,"column":98},"end":{"line":210,"column":112}},{"start":{"line":210,"column":115},"end":{"line":210,"column":138}},{"start":{"line":210,"column":142},"end":{"line":210,"column":150}},{"start":{"line":210,"column":154},"end":{"line":210,"column":172}},{"start":{"line":210,"column":176},"end":{"line":210,"column":194}},{"start":{"line":210,"column":197},"end":{"line":210,"column":200}}],"line":210},"12":{"loc":{"start":{"line":219,"column":8},"end":{"line":225,"column":9}},"type":"if","locations":[{"start":{"line":219,"column":8},"end":{"line":225,"column":9}},{"start":{"line":223,"column":12},"end":{"line":225,"column":9}}],"line":219},"13":{"loc":{"start":{"line":251,"column":4},"end":{"line":253,"column":5}},"type":"if","locations":[{"start":{"line":251,"column":4},"end":{"line":253,"column":5}},{"start":{},"end":{}}],"line":251},"14":{"loc":{"start":{"line":251,"column":8},"end":{"line":251,"column":42}},"type":"binary-expr","locations":[{"start":{"line":251,"column":8},"end":{"line":251,"column":25}},{"start":{"line":251,"column":29},"end":{"line":251,"column":42}}],"line":251}},"s":{"0":1,"1":1,"2":1,"3":1,"4":1,"5":1,"6":1,"7":1,"8":1,"9":1,"10":1,"11":1,"12":1,"13":0,"14":1,"15":1,"16":1,"17":1,"18":0,"19":0,"20":1,"21":2,"22":1,"23":1,"24":1,"25":1,"26":1,"27":1,"28":1,"29":0,"30":0,"31":0,"32":1,"33":2,"34":2,"35":1,"36":1,"37":1,"38":0,"39":1,"40":1,"41":1,"42":1,"43":1,"44":1,"45":0,"46":0,"47":1,"48":1,"49":1,"50":0,"51":1,"52":1,"53":1,"54":1,"55":1,"56":0,"57":0,"58":1,"59":1,"60":1,"61":0,"62":1,"63":1,"64":1,"65":1,"66":1,"67":0,"68":0,"69":1,"70":1,"71":1,"72":1,"73":1,"74":1,"75":1,"76":1,"77":1,"78":0,"79":0,"80":1,"81":1,"82":1,"83":1,"84":1},"f":{"0":1,"1":1,"2":0,"3":2,"4":1,"5":1,"6":0,"7":0,"8":2,"9":1,"10":1,"11":1,"12":0,"13":1,"14":1,"15":0,"16":1,"17":1,"18":1,"19":1,"20":1},"b":{"0":[0,1],"1":[1,1,1,1,1,1,1,1,1,1],"2":[1,0],"3":[1,1],"4":[2,1],"5":[1,0],"6":[1,1],"7":[2,1,1],"8":[0,1],"9":[1,0],"10":[0,1],"11":[1,1,1,1,1,1,1,1,1,1,1,1],"12":[1,0],"13":[0,1],"14":[1,1]},"_coverageSchema":"1a1c01bbd47fc00a2c39e90264f33305004495a9","hash":"b635be5ada90e7098e48730dd3a1401f2c707935"}
}
