TN:
SF:server.js
FN:92,(anonymous_0)
FN:101,(anonymous_1)
FN:110,(anonymous_2)
FN:113,(anonymous_3)
FN:120,(anonymous_4)
FN:125,(anonymous_5)
FN:129,(anonymous_6)
FN:135,(anonymous_7)
FN:144,(anonymous_8)
FN:159,(anonymous_9)
FN:166,(anonymous_10)
FN:180,(anonymous_11)
FN:185,(anonymous_12)
FN:208,(anonymous_13)
FN:217,(anonymous_14)
FN:227,(anonymous_15)
FN:248,(anonymous_16)
FN:310,calculateSuggestedPrice
FN:315,calculateTotalAmountDue
FN:322,(anonymous_19)
FN:351,(anonymous_20)
FNF:21
FNH:16
FNDA:1,(anonymous_0)
FNDA:1,(anonymous_1)
FNDA:0,(anonymous_2)
FNDA:2,(anonymous_3)
FNDA:1,(anonymous_4)
FNDA:1,(anonymous_5)
FNDA:0,(anonymous_6)
FNDA:0,(anonymous_7)
FNDA:2,(anonymous_8)
FNDA:1,(anonymous_9)
FNDA:1,(anonymous_10)
FNDA:1,(anonymous_11)
FNDA:0,(anonymous_12)
FNDA:1,(anonymous_13)
FNDA:1,(anonymous_14)
FNDA:0,(anonymous_15)
FNDA:1,(anonymous_16)
FNDA:1,calculateSuggestedPrice
FNDA:1,calculateTotalAmountDue
FNDA:1,(anonymous_19)
FNDA:1,(anonymous_20)
DA:1,1
DA:2,1
DA:3,1
DA:4,1
DA:5,1
DA:7,1
DA:8,1
DA:11,1
DA:66,1
DA:67,1
DA:92,1
DA:93,1
DA:94,1
DA:95,0
DA:97,1
DA:102,1
DA:103,1
DA:104,1
DA:107,0
DA:110,0
DA:113,1
DA:115,2
DA:116,1
DA:118,1
DA:121,1
DA:122,1
DA:123,1
DA:126,1
DA:127,1
DA:129,0
DA:132,0
DA:135,0
DA:144,1
DA:145,2
DA:147,2
DA:148,1
DA:152,1
DA:153,1
DA:154,0
DA:158,1
DA:159,1
DA:160,1
DA:167,1
DA:181,1
DA:182,1
DA:184,0
DA:185,0
DA:208,1
DA:209,1
DA:210,1
DA:211,0
DA:213,1
DA:218,1
DA:219,1
DA:220,1
DA:221,1
DA:224,0
DA:227,0
DA:248,1
DA:249,1
DA:251,1
DA:252,0
DA:254,1
DA:256,1
DA:257,1
DA:259,1
DA:269,1
DA:271,0
DA:272,0
DA:275,1
DA:312,1
DA:317,1
DA:322,1
DA:323,1
DA:324,1
DA:325,1
DA:326,1
DA:327,1
DA:329,0
DA:330,0
DA:332,1
DA:350,1
DA:351,1
DA:353,1
DA:356,1
LF:85
LH:68
BRDA:94,0,0,0
BRDA:94,0,1,1
BRDA:94,1,0,1
BRDA:94,1,1,1
BRDA:94,1,2,1
BRDA:94,1,3,1
BRDA:94,1,4,1
BRDA:94,1,5,1
BRDA:94,1,6,1
BRDA:94,1,7,1
BRDA:94,1,8,1
BRDA:94,1,9,1
BRDA:103,2,0,1
BRDA:103,2,1,0
BRDA:115,3,0,1
BRDA:115,3,1,1
BRDA:115,4,0,2
BRDA:115,4,1,1
BRDA:122,5,0,1
BRDA:122,5,1,0
BRDA:147,6,0,1
BRDA:147,6,1,1
BRDA:147,7,0,2
BRDA:147,7,1,1
BRDA:147,7,2,1
BRDA:153,8,0,0
BRDA:153,8,1,1
BRDA:181,9,0,1
BRDA:181,9,1,0
BRDA:210,10,0,0
BRDA:210,10,1,1
BRDA:210,11,0,1
BRDA:210,11,1,1
BRDA:210,11,2,1
BRDA:210,11,3,1
BRDA:210,11,4,1
BRDA:210,11,5,1
BRDA:210,11,6,1
BRDA:210,11,7,1
BRDA:210,11,8,1
BRDA:210,11,9,1
BRDA:210,11,10,1
BRDA:210,11,11,1
BRDA:219,12,0,1
BRDA:219,12,1,0
BRDA:251,13,0,0
BRDA:251,13,1,1
BRDA:251,14,0,1
BRDA:251,14,1,1
BRF:49
BRH:41
end_of_record
